<?xml version="1.0" encoding="UTF-8"?>
<!-- Generated by org.testng.reporters.JUnitReportReporter -->
<testsuite hostname="DESKTOP-I13ARBP" failures="0" tests="1" name="com.maisha.maliha.Web_Automation_Basic.OpenUrl" time="26.706" errors="0" timestamp="28 May 2024 12:58:03 GMT" skipped="0">
  <testcase classname="com.maisha.maliha.Web_Automation_Basic.OpenUrl" name="open" time="26.706"/>
</testsuite> <!-- com.maisha.maliha.Web_Automation_Basic.OpenUrl -->
